<?xml version="1.0" encoding="UTF-8"?>
<testng-results ignored="0" total="9" passed="9" failed="0" skipped="0">
  <reporter-output>
  </reporter-output>
  <suite started-at="2025-09-08T15:40:50 IST" name="Cucumber TestNG Suite" finished-at="2025-09-08T15:42:20 IST" duration-ms="89256">
    <groups>
      <group name="cucumber">
        <method signature="AbstractTestNGCucumberTests.runScenario(io.cucumber.testng.PickleWrapper,io.cucumber.testng.FeatureWrapper)[pri:0, instance:runners.TestRunner@343570b7]" name="runScenario" class="io.cucumber.testng.AbstractTestNGCucumberTests"/>
      </group> <!-- cucumber -->
    </groups>
    <test started-at="2025-09-08T15:40:50 IST" name="Cucumber Tests" finished-at="2025-09-08T15:42:20 IST" duration-ms="89256">
      <class name="runners.TestRunner">
        <test-method is-config="true" signature="setUpClass(org.testng.ITestContext)[pri:0, instance:runners.TestRunner@343570b7]" started-at="2025-09-08T15:40:50 IST" name="setUpClass" finished-at="2025-09-08T15:40:51 IST" duration-ms="910" status="PASS">
          <params>
            <param index="0">
              <value>
                <![CDATA[org.testng.TestRunner@741a8937]]>
              </value>
            </param>
          </params>
          <reporter-output>
          </reporter-output>
        </test-method> <!-- setUpClass -->
        <test-method signature="runScenario(io.cucumber.testng.PickleWrapper,io.cucumber.testng.FeatureWrapper)[pri:0, instance:runners.TestRunner@343570b7]" started-at="2025-09-08T15:40:51 IST" name="runScenario" description="Runs Cucumber Scenarios" data-provider="scenarios" finished-at="2025-09-08T15:41:02 IST" duration-ms="10985" status="PASS">
          <params>
            <param index="0">
              <value>
                <![CDATA["Add a new customer successfully"]]>
              </value>
            </param>
            <param index="1">
              <value>
                <![CDATA["Bank Manager Functionalities"]]>
              </value>
            </param>
          </params>
          <reporter-output>
          </reporter-output>
        </test-method> <!-- runScenario -->
        <test-method signature="runScenario(io.cucumber.testng.PickleWrapper,io.cucumber.testng.FeatureWrapper)[pri:0, instance:runners.TestRunner@343570b7]" started-at="2025-09-08T15:41:02 IST" name="runScenario" description="Runs Cucumber Scenarios" data-provider="scenarios" finished-at="2025-09-08T15:41:11 IST" duration-ms="9162" status="PASS">
          <params>
            <param index="0">
              <value>
                <![CDATA["Attempt to add a customer with blank fields"]]>
              </value>
            </param>
            <param index="1">
              <value>
                <![CDATA["Bank Manager Functionalities"]]>
              </value>
            </param>
          </params>
          <reporter-output>
          </reporter-output>
        </test-method> <!-- runScenario -->
        <test-method signature="runScenario(io.cucumber.testng.PickleWrapper,io.cucumber.testng.FeatureWrapper)[pri:0, instance:runners.TestRunner@343570b7]" started-at="2025-09-08T15:41:11 IST" name="runScenario" description="Runs Cucumber Scenarios" data-provider="scenarios" finished-at="2025-09-08T15:41:18 IST" duration-ms="6560" status="PASS">
          <params>
            <param index="0">
              <value>
                <![CDATA["Open a new account for an existing customer"]]>
              </value>
            </param>
            <param index="1">
              <value>
                <![CDATA["Bank Manager Functionalities"]]>
              </value>
            </param>
          </params>
          <reporter-output>
          </reporter-output>
        </test-method> <!-- runScenario -->
        <test-method signature="runScenario(io.cucumber.testng.PickleWrapper,io.cucumber.testng.FeatureWrapper)[pri:0, instance:runners.TestRunner@343570b7]" started-at="2025-09-08T15:41:18 IST" name="runScenario" description="Runs Cucumber Scenarios" data-provider="scenarios" finished-at="2025-09-08T15:41:46 IST" duration-ms="28534" status="PASS">
          <params>
            <param index="0">
              <value>
                <![CDATA["Attempt to open an account without selecting a customer"]]>
              </value>
            </param>
            <param index="1">
              <value>
                <![CDATA["Bank Manager Functionalities"]]>
              </value>
            </param>
          </params>
          <reporter-output>
          </reporter-output>
        </test-method> <!-- runScenario -->
        <test-method signature="runScenario(io.cucumber.testng.PickleWrapper,io.cucumber.testng.FeatureWrapper)[pri:0, instance:runners.TestRunner@343570b7]" started-at="2025-09-08T15:41:46 IST" name="runScenario" description="Runs Cucumber Scenarios" data-provider="scenarios" finished-at="2025-09-08T15:41:53 IST" duration-ms="6756" status="PASS">
          <params>
            <param index="0">
              <value>
                <![CDATA["Customer successfully deposits money"]]>
              </value>
            </param>
            <param index="1">
              <value>
                <![CDATA["Customer Functionalities"]]>
              </value>
            </param>
          </params>
          <reporter-output>
          </reporter-output>
        </test-method> <!-- runScenario -->
        <test-method signature="runScenario(io.cucumber.testng.PickleWrapper,io.cucumber.testng.FeatureWrapper)[pri:0, instance:runners.TestRunner@343570b7]" started-at="2025-09-08T15:41:53 IST" name="runScenario" description="Runs Cucumber Scenarios" data-provider="scenarios" finished-at="2025-09-08T15:42:02 IST" duration-ms="8255" status="PASS">
          <params>
            <param index="0">
              <value>
                <![CDATA["Customer attempts to deposit a zero amount"]]>
              </value>
            </param>
            <param index="1">
              <value>
                <![CDATA["Customer Functionalities"]]>
              </value>
            </param>
          </params>
          <reporter-output>
          </reporter-output>
        </test-method> <!-- runScenario -->
        <test-method signature="runScenario(io.cucumber.testng.PickleWrapper,io.cucumber.testng.FeatureWrapper)[pri:0, instance:runners.TestRunner@343570b7]" started-at="2025-09-08T15:42:02 IST" name="runScenario" description="Runs Cucumber Scenarios" data-provider="scenarios" finished-at="2025-09-08T15:42:07 IST" duration-ms="5589" status="PASS">
          <params>
            <param index="0">
              <value>
                <![CDATA["Customer attempts to deposit a negative amount"]]>
              </value>
            </param>
            <param index="1">
              <value>
                <![CDATA["Customer Functionalities"]]>
              </value>
            </param>
          </params>
          <reporter-output>
          </reporter-output>
        </test-method> <!-- runScenario -->
        <test-method signature="runScenario(io.cucumber.testng.PickleWrapper,io.cucumber.testng.FeatureWrapper)[pri:0, instance:runners.TestRunner@343570b7]" started-at="2025-09-08T15:42:07 IST" name="runScenario" description="Runs Cucumber Scenarios" data-provider="scenarios" finished-at="2025-09-08T15:42:12 IST" duration-ms="4774" status="PASS">
          <params>
            <param index="0">
              <value>
                <![CDATA["Customer successfully withdraws money"]]>
              </value>
            </param>
            <param index="1">
              <value>
                <![CDATA["Customer Functionalities"]]>
              </value>
            </param>
          </params>
          <reporter-output>
          </reporter-output>
        </test-method> <!-- runScenario -->
        <test-method signature="runScenario(io.cucumber.testng.PickleWrapper,io.cucumber.testng.FeatureWrapper)[pri:0, instance:runners.TestRunner@343570b7]" started-at="2025-09-08T15:42:12 IST" name="runScenario" description="Runs Cucumber Scenarios" data-provider="scenarios" finished-at="2025-09-08T15:42:19 IST" duration-ms="7296" status="PASS">
          <params>
            <param index="0">
              <value>
                <![CDATA["Customer attempts to withdraw more than the balance"]]>
              </value>
            </param>
            <param index="1">
              <value>
                <![CDATA["Customer Functionalities"]]>
              </value>
            </param>
          </params>
          <reporter-output>
          </reporter-output>
        </test-method> <!-- runScenario -->
        <test-method is-config="true" signature="tearDownClass()[pri:0, instance:runners.TestRunner@343570b7]" started-at="2025-09-08T15:42:19 IST" name="tearDownClass" finished-at="2025-09-08T15:42:20 IST" duration-ms="375" status="PASS">
          <reporter-output>
          </reporter-output>
        </test-method> <!-- tearDownClass -->
      </class> <!-- runners.TestRunner -->
    </test> <!-- Cucumber Tests -->
  </suite> <!-- Cucumber TestNG Suite -->
</testng-results>
